[2025-09-26T05:07:30.057Z] [ERROR] Admin token verification error | {"error":"Access token verification failed: jwt expired","tokenPrefix":"eyJhbGciOiJIUzI1NiIs...","endpoint":"/api/admin/dashboard"}
[2025-09-26T05:07:38.256Z] [ERROR] Admin token verification error | {"error":"Access token verification failed: jwt expired","tokenPrefix":"eyJhbGciOiJIUzI1NiIs...","endpoint":"/api/admin/logout"}
[2025-09-26T05:25:47.101Z] [ERROR] Admin token verification error | {"error":"Access token verification failed: jwt malformed","tokenPrefix":"test...","endpoint":"/api/admin/wallets"}
[2025-09-26T06:01:03.022Z] [ERROR] Error declining task: | {"errors":{"transactions.4.paymentMethod":{"name":"ValidatorError","message":"`system` is not a valid enum value for path `paymentMethod`.","properties":{"message":"`system` is not a valid enum value for path `paymentMethod`.","type":"enum","enumValues":["online","cash"],"path":"paymentMethod","value":"system","length":6},"kind":"enum","path":"paymentMethod","value":"system"}},"_message":"VendorWallet validation failed","name":"ValidationError","message":"VendorWallet validation failed: transactions.4.paymentMethod: `system` is not a valid enum value for path `paymentMethod`."}
[2025-09-26T06:01:52.588Z] [ERROR] Token verification failed | {"error":"jwt malformed","tokenPrefix":"test...","tokenLength":4,"endpoint":"/api/bookings/test/decline"}
[2025-09-26T06:02:49.444Z] [ERROR] Error declining task: | {"errors":{"transactions.4.paymentMethod":{"name":"ValidatorError","message":"`system` is not a valid enum value for path `paymentMethod`.","properties":{"message":"`system` is not a valid enum value for path `paymentMethod`.","type":"enum","enumValues":["online","cash"],"path":"paymentMethod","value":"system","length":6},"kind":"enum","path":"paymentMethod","value":"system"}},"_message":"VendorWallet validation failed","name":"ValidationError","message":"VendorWallet validation failed: transactions.4.paymentMethod: `system` is not a valid enum value for path `paymentMethod`."}
[2025-09-26T06:33:20.998Z] [ERROR] Error adjusting vendor wallet: | {"errors":{"transactions.5.calculatedAmount":{"name":"ValidatorError","message":"Path `calculatedAmount` is required.","properties":{"message":"Path `calculatedAmount` is required.","type":"required","path":"calculatedAmount"},"kind":"required","path":"calculatedAmount"},"transactions.5.billingAmount":{"name":"ValidatorError","message":"Path `billingAmount` is required.","properties":{"message":"Path `billingAmount` is required.","type":"required","path":"billingAmount"},"kind":"required","path":"billingAmount"},"transactions.5.caseId":{"name":"ValidatorError","message":"Path `caseId` is required.","properties":{"message":"Path `caseId` is required.","type":"required","path":"caseId"},"kind":"required","path":"caseId"},"transactions.5.type":{"name":"ValidatorError","message":"`manual_adjustment` is not a valid enum value for path `type`.","properties":{"message":"`manual_adjustment` is not a valid enum value for path `type`.","type":"enum","enumValues":["earning","penalty","deposit","withdrawal","task_acceptance_fee","cash_collection","refund"],"path":"type","value":"manual_adjustment","length":17},"kind":"enum","path":"type","value":"manual_adjustment"},"transactions.5.processedBy":{"name":"ValidatorError","message":"`68ca7f8988ac97b4e9c16645` is not a valid enum value for path `processedBy`.","properties":{"message":"`68ca7f8988ac97b4e9c16645` is not a valid enum value for path `processedBy`.","type":"enum","enumValues":["system","admin","vendor"],"path":"processedBy","value":"68ca7f8988ac97b4e9c16645","length":24},"kind":"enum","path":"processedBy","value":"68ca7f8988ac97b4e9c16645"}},"_message":"VendorWallet validation failed","name":"ValidationError","message":"VendorWallet validation failed: transactions.5.calculatedAmount: Path `calculatedAmount` is required., transactions.5.billingAmount: Path `billingAmount` is required., transactions.5.caseId: Path `caseId` is required., transactions.5.type: `manual_adjustment` is not a valid enum value for path `type`., transactions.5.processedBy: `68ca7f8988ac97b4e9c16645` is not a valid enum value for path `processedBy`."}
[2025-09-26T06:37:43.946Z] [ERROR] Error adjusting vendor wallet: | {"stringValue":"\"438\"","valueType":"string","kind":"ObjectId","value":"438","path":"_id","reason":{},"name":"CastError","message":"Cast to ObjectId failed for value \"438\" (type string) at path \"_id\" for model \"Vendor\""}
[2025-09-26T06:38:31.878Z] [ERROR] Error adjusting vendor wallet: | {"stringValue":"\"438\"","valueType":"string","kind":"ObjectId","value":"438","path":"_id","reason":{},"name":"CastError","message":"Cast to ObjectId failed for value \"438\" (type string) at path \"_id\" for model \"Vendor\""}
[2025-09-26T07:03:44.782Z] [ERROR] SMTP connection verification failed: | {"errno":-3008,"code":"EDNS","syscall":"getaddrinfo","hostname":"smtp.gmail.com","command":"CONN"}
[2025-09-26T07:04:01.083Z] [ERROR] Admin token verification error | {"error":"Operation `admins.findOne()` buffering timed out after 10000ms","tokenPrefix":"eyJhbGciOiJIUzI1NiIs...","endpoint":"/api/admin/banners"}
[2025-09-26T07:04:21.763Z] [ERROR] SMTP connection verification failed: | {"errno":-3008,"code":"EDNS","syscall":"getaddrinfo","hostname":"smtp.gmail.com","command":"CONN"}
[2025-09-26T07:04:45.799Z] [ERROR] Token verification failed | {"error":"Operation `vendors.findOne()` buffering timed out after 10000ms","tokenPrefix":"eyJhbGciOiJIUzI1NiIs...","tokenLength":179,"endpoint":"/api/vendor/wallet"}
[2025-09-26T07:04:55.975Z] [ERROR] Token verification failed | {"error":"Operation `vendors.findOne()` buffering timed out after 10000ms","tokenPrefix":"eyJhbGciOiJIUzI1NiIs...","tokenLength":179,"endpoint":"/api/vendor/wallet"}
[2025-09-26T07:05:14.637Z] [ERROR] SMTP connection verification failed: | {"errno":-3008,"code":"EDNS","syscall":"getaddrinfo","hostname":"smtp.gmail.com","command":"CONN"}
[2025-09-26T07:05:25.083Z] [ERROR] SMTP connection verification failed: | {"errno":-3008,"code":"EDNS","syscall":"getaddrinfo","hostname":"smtp.gmail.com","command":"CONN"}
[2025-09-26T07:05:32.037Z] [ERROR] SMTP connection verification failed: | {"errno":-3008,"code":"EDNS","syscall":"getaddrinfo","hostname":"smtp.gmail.com","command":"CONN"}
[2025-09-26T07:45:31.990Z] [ERROR] Admin token verification error | {"error":"Access token verification failed: jwt malformed","tokenPrefix":"test...","endpoint":"/api/admin/banners"}
[2025-09-26T07:56:04.562Z] [ERROR] Error creating banner:
[2025-09-26T07:56:04.564Z] [ERROR] Error details: | {"message":"Cannot read properties of undefined (reading 'upload')","stack":"TypeError: Cannot read properties of undefined (reading 'upload')\n    at C:\\Users\\ss\\OneDrive\\Desktop\\CompanyProjects\\Fixifly\\backend\\controllers\\bannerController.js:81:46\n    at C:\\Users\\ss\\OneDrive\\Desktop\\CompanyProjects\\Fixifly\\backend\\middleware\\asyncHandler.js:2:19\n    at Layer.handleRequest (C:\\Users\\ss\\OneDrive\\Desktop\\CompanyProjects\\Fixifly\\backend\\node_modules\\router\\lib\\layer.js:152:17)\n    at next (C:\\Users\\ss\\OneDrive\\Desktop\\CompanyProjects\\Fixifly\\backend\\node_modules\\router\\lib\\route.js:157:13)\n    at done (C:\\Users\\ss\\OneDrive\\Desktop\\CompanyProjects\\Fixifly\\backend\\node_modules\\multer\\lib\\make-middleware.js:59:7)\n    at indicateDone (C:\\Users\\ss\\OneDrive\\Desktop\\CompanyProjects\\Fixifly\\backend\\node_modules\\multer\\lib\\make-middleware.js:63:68)\n    at C:\\Users\\ss\\OneDrive\\Desktop\\CompanyProjects\\Fixifly\\backend\\node_modules\\multer\\lib\\make-middleware.js:176:11\n    at WriteStream.<anonymous> (C:\\Users\\ss\\OneDrive\\Desktop\\CompanyProjects\\Fixifly\\backend\\node_modules\\multer\\storage\\disk.js:43:9)\n    at WriteStream.emit (node:events:530:35)\n    at finish (node:internal/streams/writable:955:10)","name":"TypeError"}
[2025-09-26T07:58:31.315Z] [ERROR] Error creating banner:
[2025-09-26T07:58:31.337Z] [ERROR] Error details: | {"message":"Cannot read properties of undefined (reading 'upload')","stack":"TypeError: Cannot read properties of undefined (reading 'upload')\n    at C:\\Users\\ss\\OneDrive\\Desktop\\CompanyProjects\\Fixifly\\backend\\controllers\\bannerController.js:81:46\n    at C:\\Users\\ss\\OneDrive\\Desktop\\CompanyProjects\\Fixifly\\backend\\middleware\\asyncHandler.js:2:19\n    at Layer.handleRequest (C:\\Users\\ss\\OneDrive\\Desktop\\CompanyProjects\\Fixifly\\backend\\node_modules\\router\\lib\\layer.js:152:17)\n    at next (C:\\Users\\ss\\OneDrive\\Desktop\\CompanyProjects\\Fixifly\\backend\\node_modules\\router\\lib\\route.js:157:13)\n    at done (C:\\Users\\ss\\OneDrive\\Desktop\\CompanyProjects\\Fixifly\\backend\\node_modules\\multer\\lib\\make-middleware.js:59:7)\n    at indicateDone (C:\\Users\\ss\\OneDrive\\Desktop\\CompanyProjects\\Fixifly\\backend\\node_modules\\multer\\lib\\make-middleware.js:63:68)\n    at C:\\Users\\ss\\OneDrive\\Desktop\\CompanyProjects\\Fixifly\\backend\\node_modules\\multer\\lib\\make-middleware.js:176:11\n    at WriteStream.<anonymous> (C:\\Users\\ss\\OneDrive\\Desktop\\CompanyProjects\\Fixifly\\backend\\node_modules\\multer\\storage\\disk.js:43:9)\n    at WriteStream.emit (node:events:530:35)\n    at finish (node:internal/streams/writable:955:10)","name":"TypeError"}
[2025-09-26T07:58:53.854Z] [ERROR] Error creating banner:
[2025-09-26T07:58:53.858Z] [ERROR] Error details: | {"message":"Cannot read properties of undefined (reading 'upload')","stack":"TypeError: Cannot read properties of undefined (reading 'upload')\n    at C:\\Users\\ss\\OneDrive\\Desktop\\CompanyProjects\\Fixifly\\backend\\controllers\\bannerController.js:81:46\n    at C:\\Users\\ss\\OneDrive\\Desktop\\CompanyProjects\\Fixifly\\backend\\middleware\\asyncHandler.js:2:19\n    at Layer.handleRequest (C:\\Users\\ss\\OneDrive\\Desktop\\CompanyProjects\\Fixifly\\backend\\node_modules\\router\\lib\\layer.js:152:17)\n    at next (C:\\Users\\ss\\OneDrive\\Desktop\\CompanyProjects\\Fixifly\\backend\\node_modules\\router\\lib\\route.js:157:13)\n    at done (C:\\Users\\ss\\OneDrive\\Desktop\\CompanyProjects\\Fixifly\\backend\\node_modules\\multer\\lib\\make-middleware.js:59:7)\n    at indicateDone (C:\\Users\\ss\\OneDrive\\Desktop\\CompanyProjects\\Fixifly\\backend\\node_modules\\multer\\lib\\make-middleware.js:63:68)\n    at C:\\Users\\ss\\OneDrive\\Desktop\\CompanyProjects\\Fixifly\\backend\\node_modules\\multer\\lib\\make-middleware.js:176:11\n    at WriteStream.<anonymous> (C:\\Users\\ss\\OneDrive\\Desktop\\CompanyProjects\\Fixifly\\backend\\node_modules\\multer\\storage\\disk.js:43:9)\n    at WriteStream.emit (node:events:530:35)\n    at finish (node:internal/streams/writable:955:10)","name":"TypeError"}
[2025-09-26T07:59:28.149Z] [ERROR] Error creating banner:
[2025-09-26T07:59:28.209Z] [ERROR] Error details: | {"message":"Cannot read properties of undefined (reading 'upload')","stack":"TypeError: Cannot read properties of undefined (reading 'upload')\n    at C:\\Users\\ss\\OneDrive\\Desktop\\CompanyProjects\\Fixifly\\backend\\controllers\\bannerController.js:81:46\n    at C:\\Users\\ss\\OneDrive\\Desktop\\CompanyProjects\\Fixifly\\backend\\middleware\\asyncHandler.js:2:19\n    at Layer.handleRequest (C:\\Users\\ss\\OneDrive\\Desktop\\CompanyProjects\\Fixifly\\backend\\node_modules\\router\\lib\\layer.js:152:17)\n    at next (C:\\Users\\ss\\OneDrive\\Desktop\\CompanyProjects\\Fixifly\\backend\\node_modules\\router\\lib\\route.js:157:13)\n    at done (C:\\Users\\ss\\OneDrive\\Desktop\\CompanyProjects\\Fixifly\\backend\\node_modules\\multer\\lib\\make-middleware.js:59:7)\n    at indicateDone (C:\\Users\\ss\\OneDrive\\Desktop\\CompanyProjects\\Fixifly\\backend\\node_modules\\multer\\lib\\make-middleware.js:63:68)\n    at C:\\Users\\ss\\OneDrive\\Desktop\\CompanyProjects\\Fixifly\\backend\\node_modules\\multer\\lib\\make-middleware.js:176:11\n    at WriteStream.<anonymous> (C:\\Users\\ss\\OneDrive\\Desktop\\CompanyProjects\\Fixifly\\backend\\node_modules\\multer\\storage\\disk.js:43:9)\n    at WriteStream.emit (node:events:530:35)\n    at finish (node:internal/streams/writable:955:10)","name":"TypeError"}
[2025-09-26T08:04:05.149Z] [ERROR] Failed to delete image from Cloudinary | {"public_id":"test-banner-id"}
[2025-09-26T08:04:05.157Z] [ERROR] Error deleting image from Cloudinary:
[2025-09-26T09:56:40.454Z] [ERROR] Error retrieving booking: | {"stringValue":"\"TK000001\"","valueType":"string","kind":"ObjectId","value":"TK000001","path":"_id","reason":{},"name":"CastError","message":"Cast to ObjectId failed for value \"TK000001\" (type string) at path \"_id\" for model \"Booking\""}
[2025-09-26T10:02:55.135Z] [ERROR] Error retrieving booking: | {"stringValue":"\"TK000001\"","valueType":"string","kind":"ObjectId","value":"TK000001","path":"_id","reason":{},"name":"CastError","message":"Cast to ObjectId failed for value \"TK000001\" (type string) at path \"_id\" for model \"Booking\""}
[2025-09-26T10:03:27.750Z] [ERROR] Error retrieving booking: | {"stringValue":"\"TK000001\"","valueType":"string","kind":"ObjectId","value":"TK000001","path":"_id","reason":{},"name":"CastError","message":"Cast to ObjectId failed for value \"TK000001\" (type string) at path \"_id\" for model \"Booking\""}
[2025-09-26T10:06:53.009Z] [ERROR] Admin token verification error | {"error":"Access token verification failed: jwt expired","tokenPrefix":"eyJhbGciOiJIUzI1NiIs...","endpoint":"/api/support-tickets/admin/all?page=1&limit=100&status=all&priority=all"}
[2025-09-26T10:06:53.141Z] [ERROR] Admin token verification error | {"error":"Access token verification failed: jwt expired","tokenPrefix":"eyJhbGciOiJIUzI1NiIs...","endpoint":"/api/support-tickets/admin/stats"}
[2025-09-26T10:06:53.449Z] [ERROR] Admin token verification error | {"error":"Access token verification failed: jwt expired","tokenPrefix":"eyJhbGciOiJIUzI1NiIs...","endpoint":"/api/support-tickets/admin/all?page=1&limit=100&status=all&priority=all"}
[2025-09-26T10:07:06.267Z] [ERROR] Error retrieving booking: | {"stringValue":"\"TK000001\"","valueType":"string","kind":"ObjectId","value":"TK000001","path":"_id","reason":{},"name":"CastError","message":"Cast to ObjectId failed for value \"TK000001\" (type string) at path \"_id\" for model \"Booking\""}
[2025-09-26T11:13:49.934Z] [ERROR] Admin token verification error | {"error":"Access token verification failed: jwt expired","tokenPrefix":"eyJhbGciOiJIUzI1NiIs...","endpoint":"/api/support-tickets/admin/all?page=1&limit=100&status=all&priority=all"}
[2025-09-26T11:13:50.022Z] [ERROR] Admin token verification error | {"error":"Access token verification failed: jwt expired","tokenPrefix":"eyJhbGciOiJIUzI1NiIs...","endpoint":"/api/support-tickets/admin/stats"}
[2025-09-26T11:13:50.869Z] [ERROR] Admin token verification error | {"error":"Access token verification failed: jwt expired","tokenPrefix":"eyJhbGciOiJIUzI1NiIs...","endpoint":"/api/admin/dashboard"}
[2025-09-26T11:13:53.367Z] [ERROR] Admin token verification error | {"error":"Access token verification failed: jwt expired","tokenPrefix":"eyJhbGciOiJIUzI1NiIs...","endpoint":"/api/admin/logout"}
[2025-09-26T11:17:28.804Z] [ERROR] Admin token verification error | {"error":"Access token verification failed: invalid signature","tokenPrefix":"eyJhbGciOiJIUzI1NiIs...","endpoint":"/api/admin/dashboard"}
